The system is: Darwin - 18.7.0 - x86_64
Compiling the C compiler identification source file "CMakeCCompilerId.c" succeeded.
Compiler: /Library/Developer/CommandLineTools/usr/bin/cc 
Build flags: 
Id flags:  

The output was:
0


Compilation of the C compiler identification source "CMakeCCompilerId.c" produced "a.out"

The C compiler identification is AppleClang, found in "/Users/sneville/calculations/ethylene_cation/shfit/build/CMakeFiles/3.17.0/CompilerIdC/a.out"

Compiling the CXX compiler identification source file "CMakeCXXCompilerId.cpp" succeeded.
Compiler: /Library/Developer/CommandLineTools/usr/bin/c++ 
Build flags: 
Id flags:  

The output was:
0


Compilation of the CXX compiler identification source "CMakeCXXCompilerId.cpp" produced "a.out"

The CXX compiler identification is AppleClang, found in "/Users/sneville/calculations/ethylene_cation/shfit/build/CMakeFiles/3.17.0/CompilerIdCXX/a.out"

Determining if the C compiler works passed with the following output:
Change Dir: /Users/sneville/calculations/ethylene_cation/shfit/build/CMakeFiles/CMakeTmp

Run Build Command(s):/usr/bin/make cmTC_83efe/fast && /Library/Developer/CommandLineTools/usr/bin/make -f CMakeFiles/cmTC_83efe.dir/build.make CMakeFiles/cmTC_83efe.dir/build
Building C object CMakeFiles/cmTC_83efe.dir/testCCompiler.c.o
/Library/Developer/CommandLineTools/usr/bin/cc   -isysroot /Library/Developer/CommandLineTools/SDKs/MacOSX10.14.sdk   -o CMakeFiles/cmTC_83efe.dir/testCCompiler.c.o   -c /Users/sneville/calculations/ethylene_cation/shfit/build/CMakeFiles/CMakeTmp/testCCompiler.c
Linking C executable cmTC_83efe
/Applications/CMake.app/Contents/bin/cmake -E cmake_link_script CMakeFiles/cmTC_83efe.dir/link.txt --verbose=1
/Library/Developer/CommandLineTools/usr/bin/cc   -isysroot /Library/Developer/CommandLineTools/SDKs/MacOSX10.14.sdk -Wl,-search_paths_first -Wl,-headerpad_max_install_names   CMakeFiles/cmTC_83efe.dir/testCCompiler.c.o  -o cmTC_83efe 



Detecting C compiler ABI info compiled with the following output:
Change Dir: /Users/sneville/calculations/ethylene_cation/shfit/build/CMakeFiles/CMakeTmp

Run Build Command(s):/usr/bin/make cmTC_f7b73/fast && /Library/Developer/CommandLineTools/usr/bin/make -f CMakeFiles/cmTC_f7b73.dir/build.make CMakeFiles/cmTC_f7b73.dir/build
Building C object CMakeFiles/cmTC_f7b73.dir/CMakeCCompilerABI.c.o
/Library/Developer/CommandLineTools/usr/bin/cc   -isysroot /Library/Developer/CommandLineTools/SDKs/MacOSX10.14.sdk   -v -Wl,-v -o CMakeFiles/cmTC_f7b73.dir/CMakeCCompilerABI.c.o   -c /Applications/CMake.app/Contents/share/cmake-3.17/Modules/CMakeCCompilerABI.c
Apple LLVM version 10.0.1 (clang-1001.0.46.4)
Target: x86_64-apple-darwin18.7.0
Thread model: posix
InstalledDir: /Library/Developer/CommandLineTools/usr/bin
clang: warning: -Wl,-v: 'linker' input unused [-Wunused-command-line-argument]
 "/Library/Developer/CommandLineTools/usr/bin/clang" -cc1 -triple x86_64-apple-macosx10.14.0 -Wdeprecated-objc-isa-usage -Werror=deprecated-objc-isa-usage -emit-obj -mrelax-all -disable-free -disable-llvm-verifier -discard-value-names -main-file-name CMakeCCompilerABI.c -mrelocation-model pic -pic-level 2 -mthread-model posix -mdisable-fp-elim -fno-strict-return -masm-verbose -munwind-tables -target-sdk-version=10.14 -target-cpu penryn -dwarf-column-info -debugger-tuning=lldb -target-linker-version 450.3 -v -coverage-notes-file /Users/sneville/calculations/ethylene_cation/shfit/build/CMakeFiles/CMakeTmp/CMakeFiles/cmTC_f7b73.dir/CMakeCCompilerABI.c.gcno -resource-dir /Library/Developer/CommandLineTools/usr/lib/clang/10.0.1 -isysroot /Library/Developer/CommandLineTools/SDKs/MacOSX10.14.sdk -I/Users/sneville/software/openmpi/include -I/Applications/Xcode.app/Contents/Developer/Platforms/MacOSX.platform/Developer/SDKs/MacOSX10.14.sdk/usr/include/ -I. -Wno-atomic-implicit-seq-cst -Wno-framework-include-private-from-public -Wno-atimport-in-framework-header -Wno-quoted-include-in-framework-header -fdebug-compilation-dir /Users/sneville/calculations/ethylene_cation/shfit/build/CMakeFiles/CMakeTmp -ferror-limit 19 -fmessage-length 0 -stack-protector 1 -fblocks -fencode-extended-block-signature -fregister-global-dtors-with-atexit -fobjc-runtime=macosx-10.14.0 -fmax-type-align=16 -fdiagnostics-show-option -o CMakeFiles/cmTC_f7b73.dir/CMakeCCompilerABI.c.o -x c /Applications/CMake.app/Contents/share/cmake-3.17/Modules/CMakeCCompilerABI.c
clang -cc1 version 10.0.1 (clang-1001.0.46.4) default target x86_64-apple-darwin18.7.0
ignoring nonexistent directory "/Users/sneville/software/openmpi/include"
ignoring nonexistent directory "/Library/Developer/CommandLineTools/SDKs/MacOSX10.14.sdk/usr/local/include"
ignoring nonexistent directory "/Library/Developer/CommandLineTools/SDKs/MacOSX10.14.sdk/Library/Frameworks"
#include "..." search starts here:
#include <...> search starts here:
 /Applications/Xcode.app/Contents/Developer/Platforms/MacOSX.platform/Developer/SDKs/MacOSX10.14.sdk/usr/include
 .
 /Library/Developer/CommandLineTools/usr/lib/clang/10.0.1/include
 /Library/Developer/CommandLineTools/usr/include
 /Library/Developer/CommandLineTools/SDKs/MacOSX10.14.sdk/usr/include
 /Library/Developer/CommandLineTools/SDKs/MacOSX10.14.sdk/System/Library/Frameworks (framework directory)
End of search list.
Linking C executable cmTC_f7b73
/Applications/CMake.app/Contents/bin/cmake -E cmake_link_script CMakeFiles/cmTC_f7b73.dir/link.txt --verbose=1
/Library/Developer/CommandLineTools/usr/bin/cc   -isysroot /Library/Developer/CommandLineTools/SDKs/MacOSX10.14.sdk -Wl,-search_paths_first -Wl,-headerpad_max_install_names  -v -Wl,-v CMakeFiles/cmTC_f7b73.dir/CMakeCCompilerABI.c.o  -o cmTC_f7b73 
Apple LLVM version 10.0.1 (clang-1001.0.46.4)
Target: x86_64-apple-darwin18.7.0
Thread model: posix
InstalledDir: /Library/Developer/CommandLineTools/usr/bin
 "/Library/Developer/CommandLineTools/usr/bin/ld" -demangle -lto_library /Library/Developer/CommandLineTools/usr/lib/libLTO.dylib -dynamic -arch x86_64 -macosx_version_min 10.14.0 -syslibroot /Library/Developer/CommandLineTools/SDKs/MacOSX10.14.sdk -o cmTC_f7b73 -search_paths_first -headerpad_max_install_names -v CMakeFiles/cmTC_f7b73.dir/CMakeCCompilerABI.c.o -lSystem /Library/Developer/CommandLineTools/usr/lib/clang/10.0.1/lib/darwin/libclang_rt.osx.a
@(#)PROGRAM:ld  PROJECT:ld64-450.3
BUILD 18:16:53 Apr  5 2019
configured to support archs: armv6 armv7 armv7s arm64 arm64e arm64_32 i386 x86_64 x86_64h armv6m armv7k armv7m armv7em
Library search paths:
	/Library/Developer/CommandLineTools/SDKs/MacOSX10.14.sdk/usr/lib
Framework search paths:
	/Library/Developer/CommandLineTools/SDKs/MacOSX10.14.sdk/System/Library/Frameworks/



Parsed C implicit include dir info from above output: rv=done
  found start of include info
  found start of implicit include info
    add: [/Applications/Xcode.app/Contents/Developer/Platforms/MacOSX.platform/Developer/SDKs/MacOSX10.14.sdk/usr/include]
    add: [.]
    add: [/Library/Developer/CommandLineTools/usr/lib/clang/10.0.1/include]
    add: [/Library/Developer/CommandLineTools/usr/include]
    add: [/Library/Developer/CommandLineTools/SDKs/MacOSX10.14.sdk/usr/include]
  end of search list found
  collapse include dir [/Applications/Xcode.app/Contents/Developer/Platforms/MacOSX.platform/Developer/SDKs/MacOSX10.14.sdk/usr/include] ==> [/Applications/Xcode.app/Contents/Developer/Platforms/MacOSX.platform/Developer/SDKs/MacOSX10.14.sdk/usr/include]
  skipping relative include dir [.]
  collapse include dir [/Library/Developer/CommandLineTools/usr/lib/clang/10.0.1/include] ==> [/Library/Developer/CommandLineTools/usr/lib/clang/10.0.1/include]
  collapse include dir [/Library/Developer/CommandLineTools/usr/include] ==> [/Library/Developer/CommandLineTools/usr/include]
  collapse include dir [/Library/Developer/CommandLineTools/SDKs/MacOSX10.14.sdk/usr/include] ==> [/Library/Developer/CommandLineTools/SDKs/MacOSX10.14.sdk/usr/include]
  implicit include dirs: [/Applications/Xcode.app/Contents/Developer/Platforms/MacOSX.platform/Developer/SDKs/MacOSX10.14.sdk/usr/include;/Library/Developer/CommandLineTools/usr/lib/clang/10.0.1/include;/Library/Developer/CommandLineTools/usr/include;/Library/Developer/CommandLineTools/SDKs/MacOSX10.14.sdk/usr/include]


Parsed C implicit link information from above output:
  link line regex: [^( *|.*[/\])(ld|CMAKE_LINK_STARTFILE-NOTFOUND|([^/\]+-)?ld|collect2)[^/\]*( |$)]
  ignore line: [Change Dir: /Users/sneville/calculations/ethylene_cation/shfit/build/CMakeFiles/CMakeTmp]
  ignore line: []
  ignore line: [Run Build Command(s):/usr/bin/make cmTC_f7b73/fast && /Library/Developer/CommandLineTools/usr/bin/make -f CMakeFiles/cmTC_f7b73.dir/build.make CMakeFiles/cmTC_f7b73.dir/build]
  ignore line: [Building C object CMakeFiles/cmTC_f7b73.dir/CMakeCCompilerABI.c.o]
  ignore line: [/Library/Developer/CommandLineTools/usr/bin/cc   -isysroot /Library/Developer/CommandLineTools/SDKs/MacOSX10.14.sdk   -v -Wl -v -o CMakeFiles/cmTC_f7b73.dir/CMakeCCompilerABI.c.o   -c /Applications/CMake.app/Contents/share/cmake-3.17/Modules/CMakeCCompilerABI.c]
  ignore line: [Apple LLVM version 10.0.1 (clang-1001.0.46.4)]
  ignore line: [Target: x86_64-apple-darwin18.7.0]
  ignore line: [Thread model: posix]
  ignore line: [InstalledDir: /Library/Developer/CommandLineTools/usr/bin]
  ignore line: [clang: warning: -Wl -v: 'linker' input unused [-Wunused-command-line-argument]]
  ignore line: [ "/Library/Developer/CommandLineTools/usr/bin/clang" -cc1 -triple x86_64-apple-macosx10.14.0 -Wdeprecated-objc-isa-usage -Werror=deprecated-objc-isa-usage -emit-obj -mrelax-all -disable-free -disable-llvm-verifier -discard-value-names -main-file-name CMakeCCompilerABI.c -mrelocation-model pic -pic-level 2 -mthread-model posix -mdisable-fp-elim -fno-strict-return -masm-verbose -munwind-tables -target-sdk-version=10.14 -target-cpu penryn -dwarf-column-info -debugger-tuning=lldb -target-linker-version 450.3 -v -coverage-notes-file /Users/sneville/calculations/ethylene_cation/shfit/build/CMakeFiles/CMakeTmp/CMakeFiles/cmTC_f7b73.dir/CMakeCCompilerABI.c.gcno -resource-dir /Library/Developer/CommandLineTools/usr/lib/clang/10.0.1 -isysroot /Library/Developer/CommandLineTools/SDKs/MacOSX10.14.sdk -I/Users/sneville/software/openmpi/include -I/Applications/Xcode.app/Contents/Developer/Platforms/MacOSX.platform/Developer/SDKs/MacOSX10.14.sdk/usr/include/ -I. -Wno-atomic-implicit-seq-cst -Wno-framework-include-private-from-public -Wno-atimport-in-framework-header -Wno-quoted-include-in-framework-header -fdebug-compilation-dir /Users/sneville/calculations/ethylene_cation/shfit/build/CMakeFiles/CMakeTmp -ferror-limit 19 -fmessage-length 0 -stack-protector 1 -fblocks -fencode-extended-block-signature -fregister-global-dtors-with-atexit -fobjc-runtime=macosx-10.14.0 -fmax-type-align=16 -fdiagnostics-show-option -o CMakeFiles/cmTC_f7b73.dir/CMakeCCompilerABI.c.o -x c /Applications/CMake.app/Contents/share/cmake-3.17/Modules/CMakeCCompilerABI.c]
  ignore line: [clang -cc1 version 10.0.1 (clang-1001.0.46.4) default target x86_64-apple-darwin18.7.0]
  ignore line: [ignoring nonexistent directory "/Users/sneville/software/openmpi/include"]
  ignore line: [ignoring nonexistent directory "/Library/Developer/CommandLineTools/SDKs/MacOSX10.14.sdk/usr/local/include"]
  ignore line: [ignoring nonexistent directory "/Library/Developer/CommandLineTools/SDKs/MacOSX10.14.sdk/Library/Frameworks"]
  ignore line: [#include "..." search starts here:]
  ignore line: [#include <...> search starts here:]
  ignore line: [ /Applications/Xcode.app/Contents/Developer/Platforms/MacOSX.platform/Developer/SDKs/MacOSX10.14.sdk/usr/include]
  ignore line: [ .]
  ignore line: [ /Library/Developer/CommandLineTools/usr/lib/clang/10.0.1/include]
  ignore line: [ /Library/Developer/CommandLineTools/usr/include]
  ignore line: [ /Library/Developer/CommandLineTools/SDKs/MacOSX10.14.sdk/usr/include]
  ignore line: [ /Library/Developer/CommandLineTools/SDKs/MacOSX10.14.sdk/System/Library/Frameworks (framework directory)]
  ignore line: [End of search list.]
  ignore line: [Linking C executable cmTC_f7b73]
  ignore line: [/Applications/CMake.app/Contents/bin/cmake -E cmake_link_script CMakeFiles/cmTC_f7b73.dir/link.txt --verbose=1]
  ignore line: [/Library/Developer/CommandLineTools/usr/bin/cc   -isysroot /Library/Developer/CommandLineTools/SDKs/MacOSX10.14.sdk -Wl -search_paths_first -Wl -headerpad_max_install_names  -v -Wl -v CMakeFiles/cmTC_f7b73.dir/CMakeCCompilerABI.c.o  -o cmTC_f7b73 ]
  ignore line: [Apple LLVM version 10.0.1 (clang-1001.0.46.4)]
  ignore line: [Target: x86_64-apple-darwin18.7.0]
  ignore line: [Thread model: posix]
  ignore line: [InstalledDir: /Library/Developer/CommandLineTools/usr/bin]
  link line: [ "/Library/Developer/CommandLineTools/usr/bin/ld" -demangle -lto_library /Library/Developer/CommandLineTools/usr/lib/libLTO.dylib -dynamic -arch x86_64 -macosx_version_min 10.14.0 -syslibroot /Library/Developer/CommandLineTools/SDKs/MacOSX10.14.sdk -o cmTC_f7b73 -search_paths_first -headerpad_max_install_names -v CMakeFiles/cmTC_f7b73.dir/CMakeCCompilerABI.c.o -lSystem /Library/Developer/CommandLineTools/usr/lib/clang/10.0.1/lib/darwin/libclang_rt.osx.a]
    arg [/Library/Developer/CommandLineTools/usr/bin/ld] ==> ignore
    arg [-demangle] ==> ignore
    arg [-lto_library] ==> ignore, skip following value
    arg [/Library/Developer/CommandLineTools/usr/lib/libLTO.dylib] ==> skip value of -lto_library
    arg [-dynamic] ==> ignore
    arg [-arch] ==> ignore
    arg [x86_64] ==> ignore
    arg [-macosx_version_min] ==> ignore
    arg [10.14.0] ==> ignore
    arg [-syslibroot] ==> ignore
    arg [/Library/Developer/CommandLineTools/SDKs/MacOSX10.14.sdk] ==> ignore
    arg [-o] ==> ignore
    arg [cmTC_f7b73] ==> ignore
    arg [-search_paths_first] ==> ignore
    arg [-headerpad_max_install_names] ==> ignore
    arg [-v] ==> ignore
    arg [CMakeFiles/cmTC_f7b73.dir/CMakeCCompilerABI.c.o] ==> ignore
    arg [-lSystem] ==> lib [System]
    arg [/Library/Developer/CommandLineTools/usr/lib/clang/10.0.1/lib/darwin/libclang_rt.osx.a] ==> lib [/Library/Developer/CommandLineTools/usr/lib/clang/10.0.1/lib/darwin/libclang_rt.osx.a]
  Library search paths: [;/Library/Developer/CommandLineTools/SDKs/MacOSX10.14.sdk/usr/lib]
  Framework search paths: [;/Library/Developer/CommandLineTools/SDKs/MacOSX10.14.sdk/System/Library/Frameworks/]
  remove lib [System]
  remove lib [/Library/Developer/CommandLineTools/usr/lib/clang/10.0.1/lib/darwin/libclang_rt.osx.a]
  collapse library dir [/Library/Developer/CommandLineTools/SDKs/MacOSX10.14.sdk/usr/lib] ==> [/Library/Developer/CommandLineTools/SDKs/MacOSX10.14.sdk/usr/lib]
  collapse framework dir [/Library/Developer/CommandLineTools/SDKs/MacOSX10.14.sdk/System/Library/Frameworks/] ==> [/Library/Developer/CommandLineTools/SDKs/MacOSX10.14.sdk/System/Library/Frameworks]
  implicit libs: []
  implicit dirs: [/Library/Developer/CommandLineTools/SDKs/MacOSX10.14.sdk/usr/lib]
  implicit fwks: [/Library/Developer/CommandLineTools/SDKs/MacOSX10.14.sdk/System/Library/Frameworks]


Determining if the CXX compiler works passed with the following output:
Change Dir: /Users/sneville/calculations/ethylene_cation/shfit/build/CMakeFiles/CMakeTmp

Run Build Command(s):/usr/bin/make cmTC_8a3ff/fast && /Library/Developer/CommandLineTools/usr/bin/make -f CMakeFiles/cmTC_8a3ff.dir/build.make CMakeFiles/cmTC_8a3ff.dir/build
Building CXX object CMakeFiles/cmTC_8a3ff.dir/testCXXCompiler.cxx.o
/Library/Developer/CommandLineTools/usr/bin/c++    -isysroot /Library/Developer/CommandLineTools/SDKs/MacOSX10.14.sdk   -o CMakeFiles/cmTC_8a3ff.dir/testCXXCompiler.cxx.o -c /Users/sneville/calculations/ethylene_cation/shfit/build/CMakeFiles/CMakeTmp/testCXXCompiler.cxx
Linking CXX executable cmTC_8a3ff
/Applications/CMake.app/Contents/bin/cmake -E cmake_link_script CMakeFiles/cmTC_8a3ff.dir/link.txt --verbose=1
/Library/Developer/CommandLineTools/usr/bin/c++    -isysroot /Library/Developer/CommandLineTools/SDKs/MacOSX10.14.sdk -Wl,-search_paths_first -Wl,-headerpad_max_install_names   CMakeFiles/cmTC_8a3ff.dir/testCXXCompiler.cxx.o  -o cmTC_8a3ff 



Detecting CXX compiler ABI info compiled with the following output:
Change Dir: /Users/sneville/calculations/ethylene_cation/shfit/build/CMakeFiles/CMakeTmp

Run Build Command(s):/usr/bin/make cmTC_a427c/fast && /Library/Developer/CommandLineTools/usr/bin/make -f CMakeFiles/cmTC_a427c.dir/build.make CMakeFiles/cmTC_a427c.dir/build
Building CXX object CMakeFiles/cmTC_a427c.dir/CMakeCXXCompilerABI.cpp.o
/Library/Developer/CommandLineTools/usr/bin/c++    -isysroot /Library/Developer/CommandLineTools/SDKs/MacOSX10.14.sdk   -v -Wl,-v -o CMakeFiles/cmTC_a427c.dir/CMakeCXXCompilerABI.cpp.o -c /Applications/CMake.app/Contents/share/cmake-3.17/Modules/CMakeCXXCompilerABI.cpp
Apple LLVM version 10.0.1 (clang-1001.0.46.4)
Target: x86_64-apple-darwin18.7.0
Thread model: posix
InstalledDir: /Library/Developer/CommandLineTools/usr/bin
clang: warning: -Wl,-v: 'linker' input unused [-Wunused-command-line-argument]
 "/Library/Developer/CommandLineTools/usr/bin/clang" -cc1 -triple x86_64-apple-macosx10.14.0 -Wdeprecated-objc-isa-usage -Werror=deprecated-objc-isa-usage -emit-obj -mrelax-all -disable-free -disable-llvm-verifier -discard-value-names -main-file-name CMakeCXXCompilerABI.cpp -mrelocation-model pic -pic-level 2 -mthread-model posix -mdisable-fp-elim -fno-strict-return -masm-verbose -munwind-tables -target-sdk-version=10.14 -target-cpu penryn -dwarf-column-info -debugger-tuning=lldb -target-linker-version 450.3 -v -coverage-notes-file /Users/sneville/calculations/ethylene_cation/shfit/build/CMakeFiles/CMakeTmp/CMakeFiles/cmTC_a427c.dir/CMakeCXXCompilerABI.cpp.gcno -resource-dir /Library/Developer/CommandLineTools/usr/lib/clang/10.0.1 -isysroot /Library/Developer/CommandLineTools/SDKs/MacOSX10.14.sdk -I/Users/sneville/software/openmpi/include -I/Applications/Xcode.app/Contents/Developer/Platforms/MacOSX.platform/Developer/SDKs/MacOSX10.14.sdk/usr/include/ -I. -stdlib=libc++ -Wno-atomic-implicit-seq-cst -Wno-framework-include-private-from-public -Wno-atimport-in-framework-header -Wno-quoted-include-in-framework-header -fdeprecated-macro -fdebug-compilation-dir /Users/sneville/calculations/ethylene_cation/shfit/build/CMakeFiles/CMakeTmp -ferror-limit 19 -fmessage-length 0 -stack-protector 1 -fblocks -fencode-extended-block-signature -fregister-global-dtors-with-atexit -fobjc-runtime=macosx-10.14.0 -fcxx-exceptions -fexceptions -fmax-type-align=16 -fdiagnostics-show-option -o CMakeFiles/cmTC_a427c.dir/CMakeCXXCompilerABI.cpp.o -x c++ /Applications/CMake.app/Contents/share/cmake-3.17/Modules/CMakeCXXCompilerABI.cpp
clang -cc1 version 10.0.1 (clang-1001.0.46.4) default target x86_64-apple-darwin18.7.0
ignoring nonexistent directory "/Users/sneville/software/openmpi/include"
ignoring nonexistent directory "/Library/Developer/CommandLineTools/SDKs/MacOSX10.14.sdk/usr/include/c++/v1"
ignoring nonexistent directory "/Library/Developer/CommandLineTools/SDKs/MacOSX10.14.sdk/usr/local/include"
ignoring nonexistent directory "/Library/Developer/CommandLineTools/SDKs/MacOSX10.14.sdk/Library/Frameworks"
#include "..." search starts here:
#include <...> search starts here:
 /Applications/Xcode.app/Contents/Developer/Platforms/MacOSX.platform/Developer/SDKs/MacOSX10.14.sdk/usr/include
 .
 /Library/Developer/CommandLineTools/usr/include/c++/v1
 /Library/Developer/CommandLineTools/usr/lib/clang/10.0.1/include
 /Library/Developer/CommandLineTools/usr/include
 /Library/Developer/CommandLineTools/SDKs/MacOSX10.14.sdk/usr/include
 /Library/Developer/CommandLineTools/SDKs/MacOSX10.14.sdk/System/Library/Frameworks (framework directory)
End of search list.
Linking CXX executable cmTC_a427c
/Applications/CMake.app/Contents/bin/cmake -E cmake_link_script CMakeFiles/cmTC_a427c.dir/link.txt --verbose=1
/Library/Developer/CommandLineTools/usr/bin/c++    -isysroot /Library/Developer/CommandLineTools/SDKs/MacOSX10.14.sdk -Wl,-search_paths_first -Wl,-headerpad_max_install_names  -v -Wl,-v CMakeFiles/cmTC_a427c.dir/CMakeCXXCompilerABI.cpp.o  -o cmTC_a427c 
Apple LLVM version 10.0.1 (clang-1001.0.46.4)
Target: x86_64-apple-darwin18.7.0
Thread model: posix
InstalledDir: /Library/Developer/CommandLineTools/usr/bin
 "/Library/Developer/CommandLineTools/usr/bin/ld" -demangle -lto_library /Library/Developer/CommandLineTools/usr/lib/libLTO.dylib -dynamic -arch x86_64 -macosx_version_min 10.14.0 -syslibroot /Library/Developer/CommandLineTools/SDKs/MacOSX10.14.sdk -o cmTC_a427c -search_paths_first -headerpad_max_install_names -v CMakeFiles/cmTC_a427c.dir/CMakeCXXCompilerABI.cpp.o -lc++ -lSystem /Library/Developer/CommandLineTools/usr/lib/clang/10.0.1/lib/darwin/libclang_rt.osx.a
@(#)PROGRAM:ld  PROJECT:ld64-450.3
BUILD 18:16:53 Apr  5 2019
configured to support archs: armv6 armv7 armv7s arm64 arm64e arm64_32 i386 x86_64 x86_64h armv6m armv7k armv7m armv7em
Library search paths:
	/Library/Developer/CommandLineTools/SDKs/MacOSX10.14.sdk/usr/lib
Framework search paths:
	/Library/Developer/CommandLineTools/SDKs/MacOSX10.14.sdk/System/Library/Frameworks/



Parsed CXX implicit include dir info from above output: rv=done
  found start of include info
  found start of implicit include info
    add: [/Applications/Xcode.app/Contents/Developer/Platforms/MacOSX.platform/Developer/SDKs/MacOSX10.14.sdk/usr/include]
    add: [.]
    add: [/Library/Developer/CommandLineTools/usr/include/c++/v1]
    add: [/Library/Developer/CommandLineTools/usr/lib/clang/10.0.1/include]
    add: [/Library/Developer/CommandLineTools/usr/include]
    add: [/Library/Developer/CommandLineTools/SDKs/MacOSX10.14.sdk/usr/include]
  end of search list found
  collapse include dir [/Applications/Xcode.app/Contents/Developer/Platforms/MacOSX.platform/Developer/SDKs/MacOSX10.14.sdk/usr/include] ==> [/Applications/Xcode.app/Contents/Developer/Platforms/MacOSX.platform/Developer/SDKs/MacOSX10.14.sdk/usr/include]
  skipping relative include dir [.]
  collapse include dir [/Library/Developer/CommandLineTools/usr/include/c++/v1] ==> [/Library/Developer/CommandLineTools/usr/include/c++/v1]
  collapse include dir [/Library/Developer/CommandLineTools/usr/lib/clang/10.0.1/include] ==> [/Library/Developer/CommandLineTools/usr/lib/clang/10.0.1/include]
  collapse include dir [/Library/Developer/CommandLineTools/usr/include] ==> [/Library/Developer/CommandLineTools/usr/include]
  collapse include dir [/Library/Developer/CommandLineTools/SDKs/MacOSX10.14.sdk/usr/include] ==> [/Library/Developer/CommandLineTools/SDKs/MacOSX10.14.sdk/usr/include]
  implicit include dirs: [/Applications/Xcode.app/Contents/Developer/Platforms/MacOSX.platform/Developer/SDKs/MacOSX10.14.sdk/usr/include;/Library/Developer/CommandLineTools/usr/include/c++/v1;/Library/Developer/CommandLineTools/usr/lib/clang/10.0.1/include;/Library/Developer/CommandLineTools/usr/include;/Library/Developer/CommandLineTools/SDKs/MacOSX10.14.sdk/usr/include]


Parsed CXX implicit link information from above output:
  link line regex: [^( *|.*[/\])(ld|CMAKE_LINK_STARTFILE-NOTFOUND|([^/\]+-)?ld|collect2)[^/\]*( |$)]
  ignore line: [Change Dir: /Users/sneville/calculations/ethylene_cation/shfit/build/CMakeFiles/CMakeTmp]
  ignore line: []
  ignore line: [Run Build Command(s):/usr/bin/make cmTC_a427c/fast && /Library/Developer/CommandLineTools/usr/bin/make -f CMakeFiles/cmTC_a427c.dir/build.make CMakeFiles/cmTC_a427c.dir/build]
  ignore line: [Building CXX object CMakeFiles/cmTC_a427c.dir/CMakeCXXCompilerABI.cpp.o]
  ignore line: [/Library/Developer/CommandLineTools/usr/bin/c++    -isysroot /Library/Developer/CommandLineTools/SDKs/MacOSX10.14.sdk   -v -Wl -v -o CMakeFiles/cmTC_a427c.dir/CMakeCXXCompilerABI.cpp.o -c /Applications/CMake.app/Contents/share/cmake-3.17/Modules/CMakeCXXCompilerABI.cpp]
  ignore line: [Apple LLVM version 10.0.1 (clang-1001.0.46.4)]
  ignore line: [Target: x86_64-apple-darwin18.7.0]
  ignore line: [Thread model: posix]
  ignore line: [InstalledDir: /Library/Developer/CommandLineTools/usr/bin]
  ignore line: [clang: warning: -Wl -v: 'linker' input unused [-Wunused-command-line-argument]]
  ignore line: [ "/Library/Developer/CommandLineTools/usr/bin/clang" -cc1 -triple x86_64-apple-macosx10.14.0 -Wdeprecated-objc-isa-usage -Werror=deprecated-objc-isa-usage -emit-obj -mrelax-all -disable-free -disable-llvm-verifier -discard-value-names -main-file-name CMakeCXXCompilerABI.cpp -mrelocation-model pic -pic-level 2 -mthread-model posix -mdisable-fp-elim -fno-strict-return -masm-verbose -munwind-tables -target-sdk-version=10.14 -target-cpu penryn -dwarf-column-info -debugger-tuning=lldb -target-linker-version 450.3 -v -coverage-notes-file /Users/sneville/calculations/ethylene_cation/shfit/build/CMakeFiles/CMakeTmp/CMakeFiles/cmTC_a427c.dir/CMakeCXXCompilerABI.cpp.gcno -resource-dir /Library/Developer/CommandLineTools/usr/lib/clang/10.0.1 -isysroot /Library/Developer/CommandLineTools/SDKs/MacOSX10.14.sdk -I/Users/sneville/software/openmpi/include -I/Applications/Xcode.app/Contents/Developer/Platforms/MacOSX.platform/Developer/SDKs/MacOSX10.14.sdk/usr/include/ -I. -stdlib=libc++ -Wno-atomic-implicit-seq-cst -Wno-framework-include-private-from-public -Wno-atimport-in-framework-header -Wno-quoted-include-in-framework-header -fdeprecated-macro -fdebug-compilation-dir /Users/sneville/calculations/ethylene_cation/shfit/build/CMakeFiles/CMakeTmp -ferror-limit 19 -fmessage-length 0 -stack-protector 1 -fblocks -fencode-extended-block-signature -fregister-global-dtors-with-atexit -fobjc-runtime=macosx-10.14.0 -fcxx-exceptions -fexceptions -fmax-type-align=16 -fdiagnostics-show-option -o CMakeFiles/cmTC_a427c.dir/CMakeCXXCompilerABI.cpp.o -x c++ /Applications/CMake.app/Contents/share/cmake-3.17/Modules/CMakeCXXCompilerABI.cpp]
  ignore line: [clang -cc1 version 10.0.1 (clang-1001.0.46.4) default target x86_64-apple-darwin18.7.0]
  ignore line: [ignoring nonexistent directory "/Users/sneville/software/openmpi/include"]
  ignore line: [ignoring nonexistent directory "/Library/Developer/CommandLineTools/SDKs/MacOSX10.14.sdk/usr/include/c++/v1"]
  ignore line: [ignoring nonexistent directory "/Library/Developer/CommandLineTools/SDKs/MacOSX10.14.sdk/usr/local/include"]
  ignore line: [ignoring nonexistent directory "/Library/Developer/CommandLineTools/SDKs/MacOSX10.14.sdk/Library/Frameworks"]
  ignore line: [#include "..." search starts here:]
  ignore line: [#include <...> search starts here:]
  ignore line: [ /Applications/Xcode.app/Contents/Developer/Platforms/MacOSX.platform/Developer/SDKs/MacOSX10.14.sdk/usr/include]
  ignore line: [ .]
  ignore line: [ /Library/Developer/CommandLineTools/usr/include/c++/v1]
  ignore line: [ /Library/Developer/CommandLineTools/usr/lib/clang/10.0.1/include]
  ignore line: [ /Library/Developer/CommandLineTools/usr/include]
  ignore line: [ /Library/Developer/CommandLineTools/SDKs/MacOSX10.14.sdk/usr/include]
  ignore line: [ /Library/Developer/CommandLineTools/SDKs/MacOSX10.14.sdk/System/Library/Frameworks (framework directory)]
  ignore line: [End of search list.]
  ignore line: [Linking CXX executable cmTC_a427c]
  ignore line: [/Applications/CMake.app/Contents/bin/cmake -E cmake_link_script CMakeFiles/cmTC_a427c.dir/link.txt --verbose=1]
  ignore line: [/Library/Developer/CommandLineTools/usr/bin/c++    -isysroot /Library/Developer/CommandLineTools/SDKs/MacOSX10.14.sdk -Wl -search_paths_first -Wl -headerpad_max_install_names  -v -Wl -v CMakeFiles/cmTC_a427c.dir/CMakeCXXCompilerABI.cpp.o  -o cmTC_a427c ]
  ignore line: [Apple LLVM version 10.0.1 (clang-1001.0.46.4)]
  ignore line: [Target: x86_64-apple-darwin18.7.0]
  ignore line: [Thread model: posix]
  ignore line: [InstalledDir: /Library/Developer/CommandLineTools/usr/bin]
  link line: [ "/Library/Developer/CommandLineTools/usr/bin/ld" -demangle -lto_library /Library/Developer/CommandLineTools/usr/lib/libLTO.dylib -dynamic -arch x86_64 -macosx_version_min 10.14.0 -syslibroot /Library/Developer/CommandLineTools/SDKs/MacOSX10.14.sdk -o cmTC_a427c -search_paths_first -headerpad_max_install_names -v CMakeFiles/cmTC_a427c.dir/CMakeCXXCompilerABI.cpp.o -lc++ -lSystem /Library/Developer/CommandLineTools/usr/lib/clang/10.0.1/lib/darwin/libclang_rt.osx.a]
    arg [/Library/Developer/CommandLineTools/usr/bin/ld] ==> ignore
    arg [-demangle] ==> ignore
    arg [-lto_library] ==> ignore, skip following value
    arg [/Library/Developer/CommandLineTools/usr/lib/libLTO.dylib] ==> skip value of -lto_library
    arg [-dynamic] ==> ignore
    arg [-arch] ==> ignore
    arg [x86_64] ==> ignore
    arg [-macosx_version_min] ==> ignore
    arg [10.14.0] ==> ignore
    arg [-syslibroot] ==> ignore
    arg [/Library/Developer/CommandLineTools/SDKs/MacOSX10.14.sdk] ==> ignore
    arg [-o] ==> ignore
    arg [cmTC_a427c] ==> ignore
    arg [-search_paths_first] ==> ignore
    arg [-headerpad_max_install_names] ==> ignore
    arg [-v] ==> ignore
    arg [CMakeFiles/cmTC_a427c.dir/CMakeCXXCompilerABI.cpp.o] ==> ignore
    arg [-lc++] ==> lib [c++]
    arg [-lSystem] ==> lib [System]
    arg [/Library/Developer/CommandLineTools/usr/lib/clang/10.0.1/lib/darwin/libclang_rt.osx.a] ==> lib [/Library/Developer/CommandLineTools/usr/lib/clang/10.0.1/lib/darwin/libclang_rt.osx.a]
  Library search paths: [;/Library/Developer/CommandLineTools/SDKs/MacOSX10.14.sdk/usr/lib]
  Framework search paths: [;/Library/Developer/CommandLineTools/SDKs/MacOSX10.14.sdk/System/Library/Frameworks/]
  remove lib [System]
  remove lib [/Library/Developer/CommandLineTools/usr/lib/clang/10.0.1/lib/darwin/libclang_rt.osx.a]
  collapse library dir [/Library/Developer/CommandLineTools/SDKs/MacOSX10.14.sdk/usr/lib] ==> [/Library/Developer/CommandLineTools/SDKs/MacOSX10.14.sdk/usr/lib]
  collapse framework dir [/Library/Developer/CommandLineTools/SDKs/MacOSX10.14.sdk/System/Library/Frameworks/] ==> [/Library/Developer/CommandLineTools/SDKs/MacOSX10.14.sdk/System/Library/Frameworks]
  implicit libs: [c++]
  implicit dirs: [/Library/Developer/CommandLineTools/SDKs/MacOSX10.14.sdk/usr/lib]
  implicit fwks: [/Library/Developer/CommandLineTools/SDKs/MacOSX10.14.sdk/System/Library/Frameworks]


Compiling the Fortran compiler identification source file "CMakeFortranCompilerId.F" succeeded.
Compiler: /usr/local/bin/ifort 
Build flags: 
Id flags: -v 

The output was:
0
ifort version 19.0.5.281
/opt/intel//compilers_and_libraries_2019.5.281/mac/bin/intel64/fpp    -D__INTEL_COMPILER=1900 -D__INTEL_COMPILER_UPDATE=5 -D__x86_64 -D__x86_64__ -D__amd64 -D__amd64__ -D__INTEL_COMPILER_BUILD_DATE=20190816 -D__PIC__ -D__APPLE__ -D__MACH__ -D__pentium4 -D__pentium4__ -D__tune_pentium4__ -D__SSE2__ -D__SSE2_MATH__ -D__SSE3__ -D__SSSE3__ -D__SSE__ -D__SSE_MATH__ -D__MMX__ -I. -I/Users/sneville/software/openmpi/include -I/Applications/Xcode.app/Contents/Developer/Platforms/MacOSX.platform/Developer/SDKs/MacOSX10.14.sdk/usr/include/ -I/opt/intel//compilers_and_libraries_2019.5.281/mac/compiler/include/intel64 -I/opt/intel//compilers_and_libraries_2019.5.281/mac/compiler/include/icc -I/opt/intel//compilers_and_libraries_2019.5.281/mac/compiler/include -I/Library/Developer/CommandLineTools/usr/lib/clang/10.0.1/include -I/usr/local/include -fixed -4Ycpp -4Ncvf -f_com=yes -MX CMakeFortranCompilerId.F /var/folders/ny/skj5qd752098s07k13ll6t9m0000gp/T/ifortb0VA5T.i
#include "..." search starts here:
#include <...> search starts here:
 .
 /Applications/Xcode.app/Contents/Developer/Platforms/MacOSX.platform/Developer/SDKs/MacOSX10.14.sdk/usr/include/
 /opt/intel//compilers_and_libraries_2019.5.281/mac/compiler/include/intel64
 /opt/intel//compilers_and_libraries_2019.5.281/mac/compiler/include
 /Library/Developer/CommandLineTools/usr/lib/clang/10.0.1/include
 /usr/local/include
End of search list.
/opt/intel//compilers_and_libraries_2019.5.281/mac/bin/intel64/fortcom    -D__INTEL_COMPILER=1900 -D__INTEL_COMPILER_UPDATE=5 -D__x86_64 -D__x86_64__ -D__amd64 -D__amd64__ -D__INTEL_COMPILER_BUILD_DATE=20190816 -D__PIC__ -D__APPLE__ -D__MACH__ -D__pentium4 -D__pentium4__ -D__tune_pentium4__ -D__SSE2__ -D__SSE2_MATH__ -D__SSE3__ -D__SSSE3__ -D__SSE__ -D__SSE_MATH__ -D__MMX__ -mGLOB_pack_sort_init_list -I. -I/Users/sneville/software/openmpi/include -I/Applications/Xcode.app/Contents/Developer/Platforms/MacOSX.platform/Developer/SDKs/MacOSX10.14.sdk/usr/include/ -I/opt/intel//compilers_and_libraries_2019.5.281/mac/compiler/include/intel64 -I/opt/intel//compilers_and_libraries_2019.5.281/mac/compiler/include/icc -I/opt/intel//compilers_and_libraries_2019.5.281/mac/compiler/include -I/Library/Developer/CommandLineTools/usr/lib/clang/10.0.1/include -I/usr/local/include -omp_simd -O2 "-reentrancy threaded" -simd -mGLOB_em64t=TRUE -mP1OPT_version=19.0-intel64 -mGLOB_diag_file=/var/folders/ny/skj5qd752098s07k13ll6t9m0000gp/T/ifortvtPoZD.diag -mGLOB_diag_use_message_catalog=FALSE -mGLOB_long_size_64 -mGLOB_routine_pointer_size_64 -mGLOB_source_language=GLOB_SOURCE_LANGUAGE_F90 -mP2OPT_static_promotion -mP1OPT_print_version=FALSE -mCG_use_gas_got_workaround=F -mP2OPT_align_option_used=TRUE -mGLOB_gcc_version=490 -mGLOB_options_string=-v -mGLOB_position_independent_code -mGLOB_preemption_model=1 -mGLOB_no_compact_unwind=TRUE -mGLOB_cxx_limited_range=FALSE -mCG_extend_parms=FALSE -mGLOB_compiler_bin_directory=/opt/intel//compilers_and_libraries_2019.5.281/mac/bin/intel64 -mGLOB_as_output_backup_file_name=/var/folders/ny/skj5qd752098s07k13ll6t9m0000gp/T/ifort9lzUETas_.s -mGLOB_dashboard_use_source_name -mIPOPT_activate -mIPOPT_lite -mGLOB_uarch_tuning=0x0 -mGLOB_product_id_code=0x22006d91 -mCG_bnl_movbe=T -mGLOB_extended_instructions=0x80 -mP3OPT_use_mspp_call_convention -mP2OPT_subs_out_of_bound=FALSE -mP2OPT_disam_type_based_disam=2 -mGLOB_ansi_alias -mPGOPTI_value_profile_use=T -mGLOB_opt_report_use_source_name -mP2OPT_hlo_level=2 -mP2OPT_hlo -mP2OPT_hpo_rtt_control=0 -mIPOPT_args_in_regs=0 -mP2OPT_disam_assume_nonstd_intent_in=FALSE -mGLOB_imf_mapping_library=/opt/intel//compilers_and_libraries_2019.5.281/mac/bin/intel64/libiml_attr.dylib -mIPOPT_single_file_compile_and_link=TRUE -mPGOPTI_gen_threadsafe_level=0 -mIPOPT_obj_output_file_name=/var/folders/ny/skj5qd752098s07k13ll6t9m0000gp/T/ifortvtPoZD.o -mIPOPT_whole_archive_fixup_file_name=/var/folders/ny/skj5qd752098s07k13ll6t9m0000gp/T/ifortwarch59yQN1 -mGLOB_linker=/Library/Developer/CommandLineTools/usr/bin/ld -mGLOB_driver_tempfile_name=/var/folders/ny/skj5qd752098s07k13ll6t9m0000gp/T/iforttempfileqwnAO2 -mGLOB_os_target=GLOB_OS_TARGET_MACH -mGLOB_async_unwind_tables=TRUE -mGLOB_obj_output_file=/var/folders/ny/skj5qd752098s07k13ll6t9m0000gp/T/ifortvtPoZD.o -mGLOB_source_dialect=GLOB_SOURCE_DIALECT_FORTRAN -mP1OPT_source_file_name=CMakeFortranCompilerId.F -mP1OPT_full_source_file_name=/Users/sneville/calculations/ethylene_cation/shfit/build/CMakeFiles/3.17.0/CompilerIdFortran/CMakeFortranCompilerId.F -mP2OPT_symtab_type_copy=true /var/folders/ny/skj5qd752098s07k13ll6t9m0000gp/T/ifortb0VA5T.i
#include "..." search starts here:
#include <...> search starts here:
 .
 /Applications/Xcode.app/Contents/Developer/Platforms/MacOSX.platform/Developer/SDKs/MacOSX10.14.sdk/usr/include/
 /opt/intel//compilers_and_libraries_2019.5.281/mac/compiler/include/intel64
 /opt/intel//compilers_and_libraries_2019.5.281/mac/compiler/include
 /Library/Developer/CommandLineTools/usr/lib/clang/10.0.1/include
 /usr/local/include
End of search list.
/Library/Developer/CommandLineTools/usr/bin/ld    -dynamic -arch x86_64 -weak_reference_mismatches non-weak -macosx_version_min 10.14.6 -no_compact_unwind -keep_dwarf_unwind -rpath /opt/intel//compilers_and_libraries_2019.5.281/mac/compiler/lib -o a.out /opt/intel//compilers_and_libraries_2019.5.281/mac/compiler/lib/for_main.o -L/opt/intel//compilers_and_libraries_2019.5.281/mac/compiler/lib -L/usr/lib /var/folders/ny/skj5qd752098s07k13ll6t9m0000gp/T/ifortvtPoZD.o /opt/intel//compilers_and_libraries_2019.5.281/mac/compiler/lib/libifport.a /opt/intel//compilers_and_libraries_2019.5.281/mac/compiler/lib/libifcoremt.a /opt/intel//compilers_and_libraries_2019.5.281/mac/compiler/lib/libimf.a /opt/intel//compilers_and_libraries_2019.5.281/mac/compiler/lib/libsvml.a /opt/intel//compilers_and_libraries_2019.5.281/mac/compiler/lib/libipgo.a -lSystem /opt/intel//compilers_and_libraries_2019.5.281/mac/compiler/lib/libirc.a -lpthread /opt/intel//compilers_and_libraries_2019.5.281/mac/compiler/lib/libsvml.a /Library/Developer/CommandLineTools/usr/lib/clang/10.0.1/lib/darwin/libclang_rt.osx.a


Compilation of the Fortran compiler identification source "CMakeFortranCompilerId.F" produced "a.out"

The Fortran compiler identification is Intel, found in "/Users/sneville/calculations/ethylene_cation/shfit/build/CMakeFiles/3.17.0/CompilerIdFortran/a.out"

Determining if the Fortran compiler works passed with the following output:
Change Dir: /Users/sneville/calculations/ethylene_cation/shfit/build/CMakeFiles/CMakeTmp

Run Build Command(s):/usr/bin/make cmTC_dfd48/fast && /Library/Developer/CommandLineTools/usr/bin/make -f CMakeFiles/cmTC_dfd48.dir/build.make CMakeFiles/cmTC_dfd48.dir/build
Building Fortran object CMakeFiles/cmTC_dfd48.dir/testFortranCompiler.f.o
/usr/local/bin/ifort    -c /Users/sneville/calculations/ethylene_cation/shfit/build/CMakeFiles/CMakeTmp/testFortranCompiler.f -o CMakeFiles/cmTC_dfd48.dir/testFortranCompiler.f.o
Linking Fortran executable cmTC_dfd48
/Applications/CMake.app/Contents/bin/cmake -E cmake_link_script CMakeFiles/cmTC_dfd48.dir/link.txt --verbose=1
/usr/local/bin/ifort      CMakeFiles/cmTC_dfd48.dir/testFortranCompiler.f.o  -o cmTC_dfd48 



Detecting Fortran compiler ABI info compiled with the following output:
Change Dir: /Users/sneville/calculations/ethylene_cation/shfit/build/CMakeFiles/CMakeTmp

Run Build Command(s):/usr/bin/make cmTC_b9236/fast && /Library/Developer/CommandLineTools/usr/bin/make -f CMakeFiles/cmTC_b9236.dir/build.make CMakeFiles/cmTC_b9236.dir/build
Building Fortran object CMakeFiles/cmTC_b9236.dir/CMakeFortranCompilerABI.F.o
/usr/local/bin/ifort   -v -Wl,-v -c /Applications/CMake.app/Contents/share/cmake-3.17/Modules/CMakeFortranCompilerABI.F -o CMakeFiles/cmTC_b9236.dir/CMakeFortranCompilerABI.F.o
ifort version 19.0.5.281
/opt/intel//compilers_and_libraries_2019.5.281/mac/bin/intel64/fpp    -D__INTEL_COMPILER=1900 -D__INTEL_COMPILER_UPDATE=5 -D__x86_64 -D__x86_64__ -D__amd64 -D__amd64__ -D__INTEL_COMPILER_BUILD_DATE=20190816 -D__PIC__ -D__APPLE__ -D__MACH__ -D__pentium4 -D__pentium4__ -D__tune_pentium4__ -D__SSE2__ -D__SSE2_MATH__ -D__SSE3__ -D__SSSE3__ -D__SSE__ -D__SSE_MATH__ -D__MMX__ -I. -I/Users/sneville/software/openmpi/include -I/Applications/Xcode.app/Contents/Developer/Platforms/MacOSX.platform/Developer/SDKs/MacOSX10.14.sdk/usr/include/ -I/opt/intel//compilers_and_libraries_2019.5.281/mac/compiler/include/intel64 -I/opt/intel//compilers_and_libraries_2019.5.281/mac/compiler/include/icc -I/opt/intel//compilers_and_libraries_2019.5.281/mac/compiler/include -I/Library/Developer/CommandLineTools/usr/lib/clang/10.0.1/include -I/usr/local/include -fixed -4Ycpp -4Ncvf -f_com=yes -MX /Applications/CMake.app/Contents/share/cmake-3.17/Modules/CMakeFortranCompilerABI.F /var/folders/ny/skj5qd752098s07k13ll6t9m0000gp/T/ifortBYu1HW.i
#include "..." search starts here:
#include <...> search starts here:
 .
 /Applications/Xcode.app/Contents/Developer/Platforms/MacOSX.platform/Developer/SDKs/MacOSX10.14.sdk/usr/include/
 /opt/intel//compilers_and_libraries_2019.5.281/mac/compiler/include/intel64
 /opt/intel//compilers_and_libraries_2019.5.281/mac/compiler/include
 /Library/Developer/CommandLineTools/usr/lib/clang/10.0.1/include
 /usr/local/include
End of search list.
/opt/intel//compilers_and_libraries_2019.5.281/mac/bin/intel64/fortcom    -D__INTEL_COMPILER=1900 -D__INTEL_COMPILER_UPDATE=5 -D__x86_64 -D__x86_64__ -D__amd64 -D__amd64__ -D__INTEL_COMPILER_BUILD_DATE=20190816 -D__PIC__ -D__APPLE__ -D__MACH__ -D__pentium4 -D__pentium4__ -D__tune_pentium4__ -D__SSE2__ -D__SSE2_MATH__ -D__SSE3__ -D__SSSE3__ -D__SSE__ -D__SSE_MATH__ -D__MMX__ -mGLOB_pack_sort_init_list -I/Applications/CMake.app/Contents/share/cmake-3.17/Modules -I. -I/Users/sneville/software/openmpi/include -I/Applications/Xcode.app/Contents/Developer/Platforms/MacOSX.platform/Developer/SDKs/MacOSX10.14.sdk/usr/include/ -I/opt/intel//compilers_and_libraries_2019.5.281/mac/compiler/include/intel64 -I/opt/intel//compilers_and_libraries_2019.5.281/mac/compiler/include/icc -I/opt/intel//compilers_and_libraries_2019.5.281/mac/compiler/include -I/Library/Developer/CommandLineTools/usr/lib/clang/10.0.1/include -I/usr/local/include -omp_simd -O2 "-reentrancy threaded" -simd -mGLOB_em64t=TRUE -mP1OPT_version=19.0-intel64 -mGLOB_diag_file=CMakeFiles/cmTC_b9236.dir/CMakeFortranCompilerABI.F.diag -mGLOB_diag_use_message_catalog=FALSE -mGLOB_long_size_64 -mGLOB_routine_pointer_size_64 -mGLOB_source_language=GLOB_SOURCE_LANGUAGE_F90 -mP2OPT_static_promotion -mP1OPT_print_version=FALSE -mCG_use_gas_got_workaround=F -mP2OPT_align_option_used=TRUE -mGLOB_gcc_version=490 "-mGLOB_options_string=-v -Wl,-v -c -o CMakeFiles/cmTC_b9236.dir/CMakeFortranCompilerABI.F.o" -mGLOB_position_independent_code -mGLOB_preemption_model=1 -mGLOB_no_compact_unwind=TRUE -mGLOB_cxx_limited_range=FALSE -mCG_extend_parms=FALSE -mGLOB_compiler_bin_directory=/opt/intel//compilers_and_libraries_2019.5.281/mac/bin/intel64 -mGLOB_as_output_backup_file_name=/var/folders/ny/skj5qd752098s07k13ll6t9m0000gp/T/ifortiXKSa5as_.s -mIPOPT_activate -mIPOPT_lite -mGLOB_uarch_tuning=0x0 -mGLOB_product_id_code=0x22006d91 -mCG_bnl_movbe=T -mGLOB_extended_instructions=0x80 -mP3OPT_use_mspp_call_convention -mP2OPT_subs_out_of_bound=FALSE -mP2OPT_disam_type_based_disam=2 -mGLOB_ansi_alias -mPGOPTI_value_profile_use=T -mP2OPT_hlo_level=2 -mP2OPT_hlo -mP2OPT_hpo_rtt_control=0 -mIPOPT_args_in_regs=0 -mP2OPT_disam_assume_nonstd_intent_in=FALSE -mGLOB_imf_mapping_library=/opt/intel//compilers_and_libraries_2019.5.281/mac/bin/intel64/libiml_attr.dylib -mPGOPTI_gen_threadsafe_level=0 -mIPOPT_obj_output_file_name=CMakeFiles/cmTC_b9236.dir/CMakeFortranCompilerABI.F.o -mIPOPT_whole_archive_fixup_file_name=/var/folders/ny/skj5qd752098s07k13ll6t9m0000gp/T/ifortwarch2x52Pz -mGLOB_linker=/Library/Developer/CommandLineTools/usr/bin/ld -mGLOB_driver_tempfile_name=/var/folders/ny/skj5qd752098s07k13ll6t9m0000gp/T/iforttempfilezBhfdm -mGLOB_os_target=GLOB_OS_TARGET_MACH -mGLOB_async_unwind_tables=TRUE -mGLOB_obj_output_file=CMakeFiles/cmTC_b9236.dir/CMakeFortranCompilerABI.F.o -mGLOB_source_dialect=GLOB_SOURCE_DIALECT_FORTRAN -mP1OPT_source_file_name=/Applications/CMake.app/Contents/share/cmake-3.17/Modules/CMakeFortranCompilerABI.F -mP1OPT_full_source_file_name=/Applications/CMake.app/Contents/share/cmake-3.17/Modules/CMakeFortranCompilerABI.F -mP2OPT_symtab_type_copy=true /var/folders/ny/skj5qd752098s07k13ll6t9m0000gp/T/ifortBYu1HW.i
#include "..." search starts here:
#include <...> search starts here:
 /Applications/CMake.app/Contents/share/cmake-3.17/Modules
 .
 /Applications/Xcode.app/Contents/Developer/Platforms/MacOSX.platform/Developer/SDKs/MacOSX10.14.sdk/usr/include/
 /opt/intel//compilers_and_libraries_2019.5.281/mac/compiler/include/intel64
 /opt/intel//compilers_and_libraries_2019.5.281/mac/compiler/include
 /Library/Developer/CommandLineTools/usr/lib/clang/10.0.1/include
 /usr/local/include
End of search list.
Linking Fortran executable cmTC_b9236
/Applications/CMake.app/Contents/bin/cmake -E cmake_link_script CMakeFiles/cmTC_b9236.dir/link.txt --verbose=1
/usr/local/bin/ifort   -v -Wl,-v   CMakeFiles/cmTC_b9236.dir/CMakeFortranCompilerABI.F.o  -o cmTC_b9236 
ifort version 19.0.5.281
/opt/intel//compilers_and_libraries_2019.5.281/mac/bin/intel64/fortcom    -mGLOB_em64t=TRUE -mP1OPT_version=19.0-intel64 -mGLOB_diag_file=CMakeFiles/cmTC_b9236.dir/CMakeFortranCompilerABI.F.diag -mGLOB_diag_use_message_catalog=FALSE -mGLOB_long_size_64 -mGLOB_routine_pointer_size_64 -mGLOB_source_language=GLOB_SOURCE_LANGUAGE_F90 -mP2OPT_static_promotion -mP1OPT_print_version=FALSE -mCG_use_gas_got_workaround=F -mP2OPT_align_option_used=TRUE -mGLOB_gcc_version=490 "-mGLOB_options_string=-v -Wl,-v -o cmTC_b9236" -mGLOB_position_independent_code -mGLOB_preemption_model=1 -mGLOB_no_compact_unwind=TRUE -mGLOB_cxx_limited_range=FALSE -mCG_extend_parms=FALSE -mGLOB_compiler_bin_directory=/opt/intel//compilers_and_libraries_2019.5.281/mac/bin/intel64 -mGLOB_as_output_backup_file_name=/var/folders/ny/skj5qd752098s07k13ll6t9m0000gp/T/ifortvJ8ENQas_.s -mGLOB_dashboard_use_source_name -mIPOPT_activate -mGLOB_product_id_code=0x22006d91 -mP3OPT_use_mspp_call_convention -mP2OPT_subs_out_of_bound=FALSE -mP2OPT_disam_type_based_disam=2 -mGLOB_ansi_alias -mPGOPTI_value_profile_use=T -mGLOB_opt_report_use_source_name -mP2OPT_hlo -mP2OPT_hpo_rtt_control=0 -mIPOPT_args_in_regs=0 -mP2OPT_disam_assume_nonstd_intent_in=FALSE -mGLOB_imf_mapping_library=/opt/intel//compilers_and_libraries_2019.5.281/mac/bin/intel64/libiml_attr.dylib -mPGOPTI_gen_threadsafe_level=0 -mIPOPT_link -mIPOPT_ipo_activate -mIPOPT_mo_activate -mIPOPT_source_files_list=/var/folders/ny/skj5qd752098s07k13ll6t9m0000gp/T/ifortslisXGGPKZ -mIPOPT_mo_global_data "-mIPOPT_cmdline_link="-dynamic" "-arch" "x86_64" "-weak_reference_mismatches" "non-weak" "-macosx_version_min" "10.14.6" "-no_compact_unwind" "-keep_dwarf_unwind" "-rpath" "/opt/intel//compilers_and_libraries_2019.5.281/mac/compiler/lib" "-o" "cmTC_b9236" "/opt/intel//compilers_and_libraries_2019.5.281/mac/compiler/lib/for_main.o" "-L/opt/intel//compilers_and_libraries_2019.5.281/mac/compiler/lib" "-L/usr/lib" "-v" "CMakeFiles/cmTC_b9236.dir/CMakeFortranCompilerABI.F.o" "/opt/intel//compilers_and_libraries_2019.5.281/mac/compiler/lib/libifport.a" "/opt/intel//compilers_and_libraries_2019.5.281/mac/compiler/lib/libifcoremt.a" "/opt/intel//compilers_and_libraries_2019.5.281/mac/compiler/lib/libimf.a" "/opt/intel//compilers_and_libraries_2019.5.281/mac/compiler/lib/libsvml.a" "/opt/intel//compilers_and_libraries_2019.5.281/mac/compiler/lib/libipgo.a" "-lSystem" "/opt/intel//compilers_and_libraries_2019.5.281/mac/compiler/lib/libirc.a" "-lpthread" "/opt/intel//compilers_and_libraries_2019.5.281/mac/compiler/lib/libsvml.a" "/Library/Developer/CommandLineTools/usr/lib/clang/10.0.1/lib/darwin/libclang_rt.osx.a"" -mIPOPT_il_in_obj -mIPOPT_ipo_activate_warn=FALSE -mIPOPT_obj_output_file_name=/var/folders/ny/skj5qd752098s07k13ll6t9m0000gp/T/ipo_ifort9LkWVK.o -mIPOPT_whole_archive_fixup_file_name=/var/folders/ny/skj5qd752098s07k13ll6t9m0000gp/T/ifortwarchEpP7ep -mGLOB_linker=/Library/Developer/CommandLineTools/usr/bin/ld -mGLOB_driver_tempfile_name=/var/folders/ny/skj5qd752098s07k13ll6t9m0000gp/T/iforttempfilefGnvzL -mGLOB_os_target=GLOB_OS_TARGET_MACH -mGLOB_async_unwind_tables=TRUE -mGLOB_obj_output_file=/var/folders/ny/skj5qd752098s07k13ll6t9m0000gp/T/ipo_ifort9LkWVK.o -mGLOB_source_dialect=GLOB_SOURCE_DIALECT_NONE -mP1OPT_source_file_name=ipo_out.f -mP2OPT_symtab_type_copy=true CMakeFiles/cmTC_b9236.dir/CMakeFortranCompilerABI.F.o -mIPOPT_object_files=T -mIPOPT_assembly_files=/var/folders/ny/skj5qd752098s07k13ll6t9m0000gp/T/ifortalisvFKGQg -mIPOPT_generated_tempfiles=/var/folders/ny/skj5qd752098s07k13ll6t9m0000gp/T/ifortelis1AUzOi -mIPOPT_embedded_object_base_name=/var/folders/ny/skj5qd752098s07k13ll6t9m0000gp/T/iforteobjsXa5ns
/Library/Developer/CommandLineTools/usr/bin/ld    -dynamic -arch x86_64 -weak_reference_mismatches non-weak -macosx_version_min 10.14.6 -no_compact_unwind -keep_dwarf_unwind -rpath /opt/intel//compilers_and_libraries_2019.5.281/mac/compiler/lib -o cmTC_b9236 /opt/intel//compilers_and_libraries_2019.5.281/mac/compiler/lib/for_main.o -L/opt/intel//compilers_and_libraries_2019.5.281/mac/compiler/lib -L/usr/lib CMakeFiles/cmTC_b9236.dir/CMakeFortranCompilerABI.F.o -v /opt/intel//compilers_and_libraries_2019.5.281/mac/compiler/lib/libifport.a /opt/intel//compilers_and_libraries_2019.5.281/mac/compiler/lib/libifcoremt.a /opt/intel//compilers_and_libraries_2019.5.281/mac/compiler/lib/libimf.a /opt/intel//compilers_and_libraries_2019.5.281/mac/compiler/lib/libsvml.a /opt/intel//compilers_and_libraries_2019.5.281/mac/compiler/lib/libipgo.a -lSystem /opt/intel//compilers_and_libraries_2019.5.281/mac/compiler/lib/libirc.a -lpthread /opt/intel//compilers_and_libraries_2019.5.281/mac/compiler/lib/libsvml.a /Library/Developer/CommandLineTools/usr/lib/clang/10.0.1/lib/darwin/libclang_rt.osx.a
@(#)PROGRAM:ld  PROJECT:ld64-450.3
BUILD 18:16:53 Apr  5 2019
configured to support archs: armv6 armv7 armv7s arm64 arm64e arm64_32 i386 x86_64 x86_64h armv6m armv7k armv7m armv7em
Library search paths:
	/opt/intel//compilers_and_libraries_2019.5.281/mac/compiler/lib
	/usr/lib
	/usr/lib
	/usr/local/lib
Framework search paths:
	/Library/Frameworks/
	/System/Library/Frameworks/



Parsed Fortran implicit include dir info from above output: rv=done
  found start of include info
  found start of implicit include info
    add: [.]
    add: [/Applications/Xcode.app/Contents/Developer/Platforms/MacOSX.platform/Developer/SDKs/MacOSX10.14.sdk/usr/include/]
    add: [/opt/intel//compilers_and_libraries_2019.5.281/mac/compiler/include/intel64]
    add: [/opt/intel//compilers_and_libraries_2019.5.281/mac/compiler/include]
    add: [/Library/Developer/CommandLineTools/usr/lib/clang/10.0.1/include]
    add: [/usr/local/include]
  end of search list found
  skipping relative include dir [.]
  collapse include dir [/Applications/Xcode.app/Contents/Developer/Platforms/MacOSX.platform/Developer/SDKs/MacOSX10.14.sdk/usr/include/] ==> [/Applications/Xcode.app/Contents/Developer/Platforms/MacOSX.platform/Developer/SDKs/MacOSX10.14.sdk/usr/include]
  collapse include dir [/opt/intel//compilers_and_libraries_2019.5.281/mac/compiler/include/intel64] ==> [/opt/intel/compilers_and_libraries_2019.5.281/mac/compiler/include/intel64]
  collapse include dir [/opt/intel//compilers_and_libraries_2019.5.281/mac/compiler/include] ==> [/opt/intel/compilers_and_libraries_2019.5.281/mac/compiler/include]
  collapse include dir [/Library/Developer/CommandLineTools/usr/lib/clang/10.0.1/include] ==> [/Library/Developer/CommandLineTools/usr/lib/clang/10.0.1/include]
  collapse include dir [/usr/local/include] ==> [/usr/local/include]
  implicit include dirs: [/Applications/Xcode.app/Contents/Developer/Platforms/MacOSX.platform/Developer/SDKs/MacOSX10.14.sdk/usr/include;/opt/intel/compilers_and_libraries_2019.5.281/mac/compiler/include/intel64;/opt/intel/compilers_and_libraries_2019.5.281/mac/compiler/include;/Library/Developer/CommandLineTools/usr/lib/clang/10.0.1/include;/usr/local/include]


Parsed Fortran implicit link information from above output:
  link line regex: [^( *|.*[/\])(ld|CMAKE_LINK_STARTFILE-NOTFOUND|([^/\]+-)?ld|collect2)[^/\]*( |$)]
  ignore line: [Change Dir: /Users/sneville/calculations/ethylene_cation/shfit/build/CMakeFiles/CMakeTmp]
  ignore line: []
  ignore line: [Run Build Command(s):/usr/bin/make cmTC_b9236/fast && /Library/Developer/CommandLineTools/usr/bin/make -f CMakeFiles/cmTC_b9236.dir/build.make CMakeFiles/cmTC_b9236.dir/build]
  ignore line: [Building Fortran object CMakeFiles/cmTC_b9236.dir/CMakeFortranCompilerABI.F.o]
  ignore line: [/usr/local/bin/ifort   -v -Wl -v -c /Applications/CMake.app/Contents/share/cmake-3.17/Modules/CMakeFortranCompilerABI.F -o CMakeFiles/cmTC_b9236.dir/CMakeFortranCompilerABI.F.o]
  ignore line: [ifort version 19.0.5.281]
  ignore line: [/opt/intel//compilers_and_libraries_2019.5.281/mac/bin/intel64/fpp    -D__INTEL_COMPILER=1900 -D__INTEL_COMPILER_UPDATE=5 -D__x86_64 -D__x86_64__ -D__amd64 -D__amd64__ -D__INTEL_COMPILER_BUILD_DATE=20190816 -D__PIC__ -D__APPLE__ -D__MACH__ -D__pentium4 -D__pentium4__ -D__tune_pentium4__ -D__SSE2__ -D__SSE2_MATH__ -D__SSE3__ -D__SSSE3__ -D__SSE__ -D__SSE_MATH__ -D__MMX__ -I. -I/Users/sneville/software/openmpi/include -I/Applications/Xcode.app/Contents/Developer/Platforms/MacOSX.platform/Developer/SDKs/MacOSX10.14.sdk/usr/include/ -I/opt/intel//compilers_and_libraries_2019.5.281/mac/compiler/include/intel64 -I/opt/intel//compilers_and_libraries_2019.5.281/mac/compiler/include/icc -I/opt/intel//compilers_and_libraries_2019.5.281/mac/compiler/include -I/Library/Developer/CommandLineTools/usr/lib/clang/10.0.1/include -I/usr/local/include -fixed -4Ycpp -4Ncvf -f_com=yes -MX /Applications/CMake.app/Contents/share/cmake-3.17/Modules/CMakeFortranCompilerABI.F /var/folders/ny/skj5qd752098s07k13ll6t9m0000gp/T/ifortBYu1HW.i]
  ignore line: [#include "..." search starts here:]
  ignore line: [#include <...> search starts here:]
  ignore line: [ .]
  ignore line: [ /Applications/Xcode.app/Contents/Developer/Platforms/MacOSX.platform/Developer/SDKs/MacOSX10.14.sdk/usr/include/]
  ignore line: [ /opt/intel//compilers_and_libraries_2019.5.281/mac/compiler/include/intel64]
  ignore line: [ /opt/intel//compilers_and_libraries_2019.5.281/mac/compiler/include]
  ignore line: [ /Library/Developer/CommandLineTools/usr/lib/clang/10.0.1/include]
  ignore line: [ /usr/local/include]
  ignore line: [End of search list.]
  ignore line: [/opt/intel//compilers_and_libraries_2019.5.281/mac/bin/intel64/fortcom    -D__INTEL_COMPILER=1900 -D__INTEL_COMPILER_UPDATE=5 -D__x86_64 -D__x86_64__ -D__amd64 -D__amd64__ -D__INTEL_COMPILER_BUILD_DATE=20190816 -D__PIC__ -D__APPLE__ -D__MACH__ -D__pentium4 -D__pentium4__ -D__tune_pentium4__ -D__SSE2__ -D__SSE2_MATH__ -D__SSE3__ -D__SSSE3__ -D__SSE__ -D__SSE_MATH__ -D__MMX__ -mGLOB_pack_sort_init_list -I/Applications/CMake.app/Contents/share/cmake-3.17/Modules -I. -I/Users/sneville/software/openmpi/include -I/Applications/Xcode.app/Contents/Developer/Platforms/MacOSX.platform/Developer/SDKs/MacOSX10.14.sdk/usr/include/ -I/opt/intel//compilers_and_libraries_2019.5.281/mac/compiler/include/intel64 -I/opt/intel//compilers_and_libraries_2019.5.281/mac/compiler/include/icc -I/opt/intel//compilers_and_libraries_2019.5.281/mac/compiler/include -I/Library/Developer/CommandLineTools/usr/lib/clang/10.0.1/include -I/usr/local/include -omp_simd -O2 "-reentrancy threaded" -simd -mGLOB_em64t=TRUE -mP1OPT_version=19.0-intel64 -mGLOB_diag_file=CMakeFiles/cmTC_b9236.dir/CMakeFortranCompilerABI.F.diag -mGLOB_diag_use_message_catalog=FALSE -mGLOB_long_size_64 -mGLOB_routine_pointer_size_64 -mGLOB_source_language=GLOB_SOURCE_LANGUAGE_F90 -mP2OPT_static_promotion -mP1OPT_print_version=FALSE -mCG_use_gas_got_workaround=F -mP2OPT_align_option_used=TRUE -mGLOB_gcc_version=490 "-mGLOB_options_string=-v -Wl,-v -c -o CMakeFiles/cmTC_b9236.dir/CMakeFortranCompilerABI.F.o" -mGLOB_position_independent_code -mGLOB_preemption_model=1 -mGLOB_no_compact_unwind=TRUE -mGLOB_cxx_limited_range=FALSE -mCG_extend_parms=FALSE -mGLOB_compiler_bin_directory=/opt/intel//compilers_and_libraries_2019.5.281/mac/bin/intel64 -mGLOB_as_output_backup_file_name=/var/folders/ny/skj5qd752098s07k13ll6t9m0000gp/T/ifortiXKSa5as_.s -mIPOPT_activate -mIPOPT_lite -mGLOB_uarch_tuning=0x0 -mGLOB_product_id_code=0x22006d91 -mCG_bnl_movbe=T -mGLOB_extended_instructions=0x80 -mP3OPT_use_mspp_call_convention -mP2OPT_subs_out_of_bound=FALSE -mP2OPT_disam_type_based_disam=2 -mGLOB_ansi_alias -mPGOPTI_value_profile_use=T -mP2OPT_hlo_level=2 -mP2OPT_hlo -mP2OPT_hpo_rtt_control=0 -mIPOPT_args_in_regs=0 -mP2OPT_disam_assume_nonstd_intent_in=FALSE -mGLOB_imf_mapping_library=/opt/intel//compilers_and_libraries_2019.5.281/mac/bin/intel64/libiml_attr.dylib -mPGOPTI_gen_threadsafe_level=0 -mIPOPT_obj_output_file_name=CMakeFiles/cmTC_b9236.dir/CMakeFortranCompilerABI.F.o -mIPOPT_whole_archive_fixup_file_name=/var/folders/ny/skj5qd752098s07k13ll6t9m0000gp/T/ifortwarch2x52Pz -mGLOB_linker=/Library/Developer/CommandLineTools/usr/bin/ld -mGLOB_driver_tempfile_name=/var/folders/ny/skj5qd752098s07k13ll6t9m0000gp/T/iforttempfilezBhfdm -mGLOB_os_target=GLOB_OS_TARGET_MACH -mGLOB_async_unwind_tables=TRUE -mGLOB_obj_output_file=CMakeFiles/cmTC_b9236.dir/CMakeFortranCompilerABI.F.o -mGLOB_source_dialect=GLOB_SOURCE_DIALECT_FORTRAN -mP1OPT_source_file_name=/Applications/CMake.app/Contents/share/cmake-3.17/Modules/CMakeFortranCompilerABI.F -mP1OPT_full_source_file_name=/Applications/CMake.app/Contents/share/cmake-3.17/Modules/CMakeFortranCompilerABI.F -mP2OPT_symtab_type_copy=true /var/folders/ny/skj5qd752098s07k13ll6t9m0000gp/T/ifortBYu1HW.i]
  ignore line: [#include "..." search starts here:]
  ignore line: [#include <...> search starts here:]
  ignore line: [ /Applications/CMake.app/Contents/share/cmake-3.17/Modules]
  ignore line: [ .]
  ignore line: [ /Applications/Xcode.app/Contents/Developer/Platforms/MacOSX.platform/Developer/SDKs/MacOSX10.14.sdk/usr/include/]
  ignore line: [ /opt/intel//compilers_and_libraries_2019.5.281/mac/compiler/include/intel64]
  ignore line: [ /opt/intel//compilers_and_libraries_2019.5.281/mac/compiler/include]
  ignore line: [ /Library/Developer/CommandLineTools/usr/lib/clang/10.0.1/include]
  ignore line: [ /usr/local/include]
  ignore line: [End of search list.]
  ignore line: [Linking Fortran executable cmTC_b9236]
  ignore line: [/Applications/CMake.app/Contents/bin/cmake -E cmake_link_script CMakeFiles/cmTC_b9236.dir/link.txt --verbose=1]
  ignore line: [/usr/local/bin/ifort   -v -Wl -v   CMakeFiles/cmTC_b9236.dir/CMakeFortranCompilerABI.F.o  -o cmTC_b9236 ]
  ignore line: [ifort version 19.0.5.281]
  ignore line: [/opt/intel//compilers_and_libraries_2019.5.281/mac/bin/intel64/fortcom    -mGLOB_em64t=TRUE -mP1OPT_version=19.0-intel64 -mGLOB_diag_file=CMakeFiles/cmTC_b9236.dir/CMakeFortranCompilerABI.F.diag -mGLOB_diag_use_message_catalog=FALSE -mGLOB_long_size_64 -mGLOB_routine_pointer_size_64 -mGLOB_source_language=GLOB_SOURCE_LANGUAGE_F90 -mP2OPT_static_promotion -mP1OPT_print_version=FALSE -mCG_use_gas_got_workaround=F -mP2OPT_align_option_used=TRUE -mGLOB_gcc_version=490 "-mGLOB_options_string=-v -Wl,-v -o cmTC_b9236" -mGLOB_position_independent_code -mGLOB_preemption_model=1 -mGLOB_no_compact_unwind=TRUE -mGLOB_cxx_limited_range=FALSE -mCG_extend_parms=FALSE -mGLOB_compiler_bin_directory=/opt/intel//compilers_and_libraries_2019.5.281/mac/bin/intel64 -mGLOB_as_output_backup_file_name=/var/folders/ny/skj5qd752098s07k13ll6t9m0000gp/T/ifortvJ8ENQas_.s -mGLOB_dashboard_use_source_name -mIPOPT_activate -mGLOB_product_id_code=0x22006d91 -mP3OPT_use_mspp_call_convention -mP2OPT_subs_out_of_bound=FALSE -mP2OPT_disam_type_based_disam=2 -mGLOB_ansi_alias -mPGOPTI_value_profile_use=T -mGLOB_opt_report_use_source_name -mP2OPT_hlo -mP2OPT_hpo_rtt_control=0 -mIPOPT_args_in_regs=0 -mP2OPT_disam_assume_nonstd_intent_in=FALSE -mGLOB_imf_mapping_library=/opt/intel//compilers_and_libraries_2019.5.281/mac/bin/intel64/libiml_attr.dylib -mPGOPTI_gen_threadsafe_level=0 -mIPOPT_link -mIPOPT_ipo_activate -mIPOPT_mo_activate -mIPOPT_source_files_list=/var/folders/ny/skj5qd752098s07k13ll6t9m0000gp/T/ifortslisXGGPKZ -mIPOPT_mo_global_data "-mIPOPT_cmdline_link="-dynamic" "-arch" "x86_64" "-weak_reference_mismatches" "non-weak" "-macosx_version_min" "10.14.6" "-no_compact_unwind" "-keep_dwarf_unwind" "-rpath" "/opt/intel//compilers_and_libraries_2019.5.281/mac/compiler/lib" "-o" "cmTC_b9236" "/opt/intel//compilers_and_libraries_2019.5.281/mac/compiler/lib/for_main.o" "-L/opt/intel//compilers_and_libraries_2019.5.281/mac/compiler/lib" "-L/usr/lib" "-v" "CMakeFiles/cmTC_b9236.dir/CMakeFortranCompilerABI.F.o" "/opt/intel//compilers_and_libraries_2019.5.281/mac/compiler/lib/libifport.a" "/opt/intel//compilers_and_libraries_2019.5.281/mac/compiler/lib/libifcoremt.a" "/opt/intel//compilers_and_libraries_2019.5.281/mac/compiler/lib/libimf.a" "/opt/intel//compilers_and_libraries_2019.5.281/mac/compiler/lib/libsvml.a" "/opt/intel//compilers_and_libraries_2019.5.281/mac/compiler/lib/libipgo.a" "-lSystem" "/opt/intel//compilers_and_libraries_2019.5.281/mac/compiler/lib/libirc.a" "-lpthread" "/opt/intel//compilers_and_libraries_2019.5.281/mac/compiler/lib/libsvml.a" "/Library/Developer/CommandLineTools/usr/lib/clang/10.0.1/lib/darwin/libclang_rt.osx.a"" -mIPOPT_il_in_obj -mIPOPT_ipo_activate_warn=FALSE -mIPOPT_obj_output_file_name=/var/folders/ny/skj5qd752098s07k13ll6t9m0000gp/T/ipo_ifort9LkWVK.o -mIPOPT_whole_archive_fixup_file_name=/var/folders/ny/skj5qd752098s07k13ll6t9m0000gp/T/ifortwarchEpP7ep -mGLOB_linker=/Library/Developer/CommandLineTools/usr/bin/ld -mGLOB_driver_tempfile_name=/var/folders/ny/skj5qd752098s07k13ll6t9m0000gp/T/iforttempfilefGnvzL -mGLOB_os_target=GLOB_OS_TARGET_MACH -mGLOB_async_unwind_tables=TRUE -mGLOB_obj_output_file=/var/folders/ny/skj5qd752098s07k13ll6t9m0000gp/T/ipo_ifort9LkWVK.o -mGLOB_source_dialect=GLOB_SOURCE_DIALECT_NONE -mP1OPT_source_file_name=ipo_out.f -mP2OPT_symtab_type_copy=true CMakeFiles/cmTC_b9236.dir/CMakeFortranCompilerABI.F.o -mIPOPT_object_files=T -mIPOPT_assembly_files=/var/folders/ny/skj5qd752098s07k13ll6t9m0000gp/T/ifortalisvFKGQg -mIPOPT_generated_tempfiles=/var/folders/ny/skj5qd752098s07k13ll6t9m0000gp/T/ifortelis1AUzOi -mIPOPT_embedded_object_base_name=/var/folders/ny/skj5qd752098s07k13ll6t9m0000gp/T/iforteobjsXa5ns]
  link line: [/Library/Developer/CommandLineTools/usr/bin/ld    -dynamic -arch x86_64 -weak_reference_mismatches non-weak -macosx_version_min 10.14.6 -no_compact_unwind -keep_dwarf_unwind -rpath /opt/intel//compilers_and_libraries_2019.5.281/mac/compiler/lib -o cmTC_b9236 /opt/intel//compilers_and_libraries_2019.5.281/mac/compiler/lib/for_main.o -L/opt/intel//compilers_and_libraries_2019.5.281/mac/compiler/lib -L/usr/lib CMakeFiles/cmTC_b9236.dir/CMakeFortranCompilerABI.F.o -v /opt/intel//compilers_and_libraries_2019.5.281/mac/compiler/lib/libifport.a /opt/intel//compilers_and_libraries_2019.5.281/mac/compiler/lib/libifcoremt.a /opt/intel//compilers_and_libraries_2019.5.281/mac/compiler/lib/libimf.a /opt/intel//compilers_and_libraries_2019.5.281/mac/compiler/lib/libsvml.a /opt/intel//compilers_and_libraries_2019.5.281/mac/compiler/lib/libipgo.a -lSystem /opt/intel//compilers_and_libraries_2019.5.281/mac/compiler/lib/libirc.a -lpthread /opt/intel//compilers_and_libraries_2019.5.281/mac/compiler/lib/libsvml.a /Library/Developer/CommandLineTools/usr/lib/clang/10.0.1/lib/darwin/libclang_rt.osx.a]
    arg [/Library/Developer/CommandLineTools/usr/bin/ld] ==> ignore
    arg [-dynamic] ==> ignore
    arg [-arch] ==> ignore
    arg [x86_64] ==> ignore
    arg [-weak_reference_mismatches] ==> ignore
    arg [non-weak] ==> ignore
    arg [-macosx_version_min] ==> ignore
    arg [10.14.6] ==> ignore
    arg [-no_compact_unwind] ==> ignore
    arg [-keep_dwarf_unwind] ==> ignore
    arg [-rpath] ==> ignore
    arg [/opt/intel//compilers_and_libraries_2019.5.281/mac/compiler/lib] ==> ignore
    arg [-o] ==> ignore
    arg [cmTC_b9236] ==> ignore
    arg [/opt/intel//compilers_and_libraries_2019.5.281/mac/compiler/lib/for_main.o] ==> ignore
    arg [-L/opt/intel//compilers_and_libraries_2019.5.281/mac/compiler/lib] ==> dir [/opt/intel//compilers_and_libraries_2019.5.281/mac/compiler/lib]
    arg [-L/usr/lib] ==> dir [/usr/lib]
    arg [CMakeFiles/cmTC_b9236.dir/CMakeFortranCompilerABI.F.o] ==> ignore
    arg [-v] ==> ignore
    arg [/opt/intel//compilers_and_libraries_2019.5.281/mac/compiler/lib/libifport.a] ==> lib [/opt/intel//compilers_and_libraries_2019.5.281/mac/compiler/lib/libifport.a]
    arg [/opt/intel//compilers_and_libraries_2019.5.281/mac/compiler/lib/libifcoremt.a] ==> lib [/opt/intel//compilers_and_libraries_2019.5.281/mac/compiler/lib/libifcoremt.a]
    arg [/opt/intel//compilers_and_libraries_2019.5.281/mac/compiler/lib/libimf.a] ==> lib [/opt/intel//compilers_and_libraries_2019.5.281/mac/compiler/lib/libimf.a]
    arg [/opt/intel//compilers_and_libraries_2019.5.281/mac/compiler/lib/libsvml.a] ==> lib [/opt/intel//compilers_and_libraries_2019.5.281/mac/compiler/lib/libsvml.a]
    arg [/opt/intel//compilers_and_libraries_2019.5.281/mac/compiler/lib/libipgo.a] ==> lib [/opt/intel//compilers_and_libraries_2019.5.281/mac/compiler/lib/libipgo.a]
    arg [-lSystem] ==> lib [System]
    arg [/opt/intel//compilers_and_libraries_2019.5.281/mac/compiler/lib/libirc.a] ==> lib [/opt/intel//compilers_and_libraries_2019.5.281/mac/compiler/lib/libirc.a]
    arg [-lpthread] ==> lib [pthread]
    arg [/opt/intel//compilers_and_libraries_2019.5.281/mac/compiler/lib/libsvml.a] ==> lib [/opt/intel//compilers_and_libraries_2019.5.281/mac/compiler/lib/libsvml.a]
    arg [/Library/Developer/CommandLineTools/usr/lib/clang/10.0.1/lib/darwin/libclang_rt.osx.a] ==> lib [/Library/Developer/CommandLineTools/usr/lib/clang/10.0.1/lib/darwin/libclang_rt.osx.a]
  Library search paths: [;/opt/intel//compilers_and_libraries_2019.5.281/mac/compiler/lib;/usr/lib;/usr/lib;/usr/local/lib]
  Framework search paths: [;/Library/Frameworks/;/System/Library/Frameworks/]
  collapse lib [/opt/intel//compilers_and_libraries_2019.5.281/mac/compiler/lib/libifport.a] ==> [/opt/intel/compilers_and_libraries_2019.5.281/mac/compiler/lib/libifport.a]
  collapse lib [/opt/intel//compilers_and_libraries_2019.5.281/mac/compiler/lib/libifcoremt.a] ==> [/opt/intel/compilers_and_libraries_2019.5.281/mac/compiler/lib/libifcoremt.a]
  collapse lib [/opt/intel//compilers_and_libraries_2019.5.281/mac/compiler/lib/libimf.a] ==> [/opt/intel/compilers_and_libraries_2019.5.281/mac/compiler/lib/libimf.a]
  collapse lib [/opt/intel//compilers_and_libraries_2019.5.281/mac/compiler/lib/libsvml.a] ==> [/opt/intel/compilers_and_libraries_2019.5.281/mac/compiler/lib/libsvml.a]
  collapse lib [/opt/intel//compilers_and_libraries_2019.5.281/mac/compiler/lib/libipgo.a] ==> [/opt/intel/compilers_and_libraries_2019.5.281/mac/compiler/lib/libipgo.a]
  remove lib [System]
  collapse lib [/opt/intel//compilers_and_libraries_2019.5.281/mac/compiler/lib/libirc.a] ==> [/opt/intel/compilers_and_libraries_2019.5.281/mac/compiler/lib/libirc.a]
  collapse lib [/opt/intel//compilers_and_libraries_2019.5.281/mac/compiler/lib/libsvml.a] ==> [/opt/intel/compilers_and_libraries_2019.5.281/mac/compiler/lib/libsvml.a]
  remove lib [/Library/Developer/CommandLineTools/usr/lib/clang/10.0.1/lib/darwin/libclang_rt.osx.a]
  collapse library dir [/opt/intel//compilers_and_libraries_2019.5.281/mac/compiler/lib] ==> [/opt/intel/compilers_and_libraries_2019.5.281/mac/compiler/lib]
  collapse library dir [/usr/lib] ==> [/usr/lib]
  collapse library dir [/opt/intel//compilers_and_libraries_2019.5.281/mac/compiler/lib] ==> [/opt/intel/compilers_and_libraries_2019.5.281/mac/compiler/lib]
  collapse library dir [/usr/lib] ==> [/usr/lib]
  collapse library dir [/usr/lib] ==> [/usr/lib]
  collapse library dir [/usr/local/lib] ==> [/usr/local/lib]
  collapse framework dir [/Library/Frameworks/] ==> [/Library/Frameworks]
  collapse framework dir [/System/Library/Frameworks/] ==> [/System/Library/Frameworks]
  implicit libs: [/opt/intel/compilers_and_libraries_2019.5.281/mac/compiler/lib/libifport.a;/opt/intel/compilers_and_libraries_2019.5.281/mac/compiler/lib/libifcoremt.a;/opt/intel/compilers_and_libraries_2019.5.281/mac/compiler/lib/libimf.a;/opt/intel/compilers_and_libraries_2019.5.281/mac/compiler/lib/libsvml.a;/opt/intel/compilers_and_libraries_2019.5.281/mac/compiler/lib/libipgo.a;/opt/intel/compilers_and_libraries_2019.5.281/mac/compiler/lib/libirc.a;pthread;/opt/intel/compilers_and_libraries_2019.5.281/mac/compiler/lib/libsvml.a]
  implicit dirs: [/opt/intel/compilers_and_libraries_2019.5.281/mac/compiler/lib;/usr/lib;/usr/local/lib]
  implicit fwks: [/Library/Frameworks;/System/Library/Frameworks]


Determining if the Fortran compiler supports Fortran 90 passed with the following output:
Change Dir: /Users/sneville/calculations/ethylene_cation/shfit/build/CMakeFiles/CMakeTmp

Run Build Command(s):/usr/bin/make cmTC_2d73d/fast && /Library/Developer/CommandLineTools/usr/bin/make -f CMakeFiles/cmTC_2d73d.dir/build.make CMakeFiles/cmTC_2d73d.dir/build
Building Fortran object CMakeFiles/cmTC_2d73d.dir/testFortranCompilerF90.f90.o
/usr/local/bin/ifort    -c /Users/sneville/calculations/ethylene_cation/shfit/build/CMakeFiles/CMakeTmp/testFortranCompilerF90.f90 -o CMakeFiles/cmTC_2d73d.dir/testFortranCompilerF90.f90.o
Linking Fortran executable cmTC_2d73d
/Applications/CMake.app/Contents/bin/cmake -E cmake_link_script CMakeFiles/cmTC_2d73d.dir/link.txt --verbose=1
/usr/local/bin/ifort      CMakeFiles/cmTC_2d73d.dir/testFortranCompilerF90.f90.o  -o cmTC_2d73d 



